2025-09-21 17:30:06.855 [restartedMain] INFO  [,] [] [] [] c.e.p.DistributedTracingResiliencePocApplication - Starting DistributedTracingResiliencePocApplication using Java 23.0.1 with PID 1612 (/Volumes/Work/springpoc/springmiscellaneous/build/classes/java/main started by srineelmazumdar in /Volumes/Work/springpoc/springmiscellaneous)
2025-09-21 17:30:06.855 [restartedMain] DEBUG [,] [] [] [] c.e.p.DistributedTracingResiliencePocApplication - Running with Spring Boot v3.5.0, Spring v6.2.7
2025-09-21 17:30:06.856 [restartedMain] INFO  [,] [] [] [] c.e.p.DistributedTracingResiliencePocApplication - The following 1 profile is active: "dev"
2025-09-21 17:30:06.880 [restartedMain] INFO  [,] [] [] [] o.s.b.d.e.DevToolsPropertyDefaultsPostProcessor - Devtools property defaults active! Set 'spring.devtools.add-properties' to 'false' to disable
2025-09-21 17:30:06.880 [restartedMain] INFO  [,] [] [] [] o.s.b.d.e.DevToolsPropertyDefaultsPostProcessor - For additional web related logging consider setting the 'logging.level.web' property to 'DEBUG'
2025-09-21 17:30:07.230 [restartedMain] DEBUG [,] [] [] [] i.g.r.s.u.RxJava2OnClasspathCondition - RxJava2 related Aspect extensions are not activated, because RxJava2 is not on the classpath.
2025-09-21 17:30:07.230 [restartedMain] DEBUG [,] [] [] [] i.g.r.s.u.RxJava3OnClasspathCondition - RxJava3 related Aspect extensions are not activated, because RxJava3 is not on the classpath.
2025-09-21 17:30:07.231 [restartedMain] DEBUG [,] [] [] [] i.g.r.s.u.ReactorOnClasspathCondition - Reactor related Aspect extensions are not activated because Reactor is not on the classpath.
2025-09-21 17:30:07.234 [restartedMain] DEBUG [,] [] [] [] i.g.r.s.u.RxJava2OnClasspathCondition - RxJava2 related Aspect extensions are not activated, because RxJava2 is not on the classpath.
2025-09-21 17:30:07.234 [restartedMain] DEBUG [,] [] [] [] i.g.r.s.u.RxJava3OnClasspathCondition - RxJava3 related Aspect extensions are not activated, because RxJava3 is not on the classpath.
2025-09-21 17:30:07.234 [restartedMain] DEBUG [,] [] [] [] i.g.r.s.u.ReactorOnClasspathCondition - Reactor related Aspect extensions are not activated because Reactor is not on the classpath.
2025-09-21 17:30:07.245 [restartedMain] DEBUG [,] [] [] [] i.g.r.s.u.RxJava2OnClasspathCondition - RxJava2 related Aspect extensions are not activated, because RxJava2 is not on the classpath.
2025-09-21 17:30:07.245 [restartedMain] DEBUG [,] [] [] [] i.g.r.s.u.RxJava3OnClasspathCondition - RxJava3 related Aspect extensions are not activated, because RxJava3 is not on the classpath.
2025-09-21 17:30:07.245 [restartedMain] DEBUG [,] [] [] [] i.g.r.s.u.ReactorOnClasspathCondition - Reactor related Aspect extensions are not activated because Reactor is not on the classpath.
2025-09-21 17:30:07.250 [restartedMain] DEBUG [,] [] [] [] i.g.r.s.u.RxJava2OnClasspathCondition - RxJava2 related Aspect extensions are not activated, because RxJava2 is not on the classpath.
2025-09-21 17:30:07.250 [restartedMain] DEBUG [,] [] [] [] i.g.r.s.u.RxJava3OnClasspathCondition - RxJava3 related Aspect extensions are not activated, because RxJava3 is not on the classpath.
2025-09-21 17:30:07.250 [restartedMain] DEBUG [,] [] [] [] i.g.r.s.u.ReactorOnClasspathCondition - Reactor related Aspect extensions are not activated because Reactor is not on the classpath.
2025-09-21 17:30:07.254 [restartedMain] DEBUG [,] [] [] [] i.g.r.s.u.RxJava2OnClasspathCondition - RxJava2 related Aspect extensions are not activated, because RxJava2 is not on the classpath.
2025-09-21 17:30:07.254 [restartedMain] DEBUG [,] [] [] [] i.g.r.s.u.RxJava3OnClasspathCondition - RxJava3 related Aspect extensions are not activated, because RxJava3 is not on the classpath.
2025-09-21 17:30:07.254 [restartedMain] DEBUG [,] [] [] [] i.g.r.s.u.ReactorOnClasspathCondition - Reactor related Aspect extensions are not activated because Reactor is not on the classpath.
2025-09-21 17:30:07.259 [restartedMain] DEBUG [,] [] [] [] i.g.r.s.u.RxJava2OnClasspathCondition - RxJava2 related Aspect extensions are not activated, because RxJava2 is not on the classpath.
2025-09-21 17:30:07.259 [restartedMain] DEBUG [,] [] [] [] i.g.r.s.u.RxJava3OnClasspathCondition - RxJava3 related Aspect extensions are not activated, because RxJava3 is not on the classpath.
2025-09-21 17:30:07.259 [restartedMain] DEBUG [,] [] [] [] i.g.r.s.u.ReactorOnClasspathCondition - Reactor related Aspect extensions are not activated because Reactor is not on the classpath.
2025-09-21 17:30:07.263 [restartedMain] DEBUG [,] [] [] [] i.g.r.s.u.RxJava2OnClasspathCondition - RxJava2 related Aspect extensions are not activated, because RxJava2 is not on the classpath.
2025-09-21 17:30:07.263 [restartedMain] DEBUG [,] [] [] [] i.g.r.s.u.RxJava3OnClasspathCondition - RxJava3 related Aspect extensions are not activated, because RxJava3 is not on the classpath.
2025-09-21 17:30:07.264 [restartedMain] DEBUG [,] [] [] [] i.g.r.s.u.ReactorOnClasspathCondition - Reactor related Aspect extensions are not activated because Reactor is not on the classpath.
2025-09-21 17:30:07.794 [restartedMain] INFO  [,] [] [] [] o.s.b.w.e.tomcat.TomcatWebServer - Tomcat initialized with port 8080 (http)
2025-09-21 17:30:07.803 [restartedMain] INFO  [,] [] [] [] o.a.catalina.core.StandardService - Starting service [Tomcat]
2025-09-21 17:30:07.803 [restartedMain] INFO  [,] [] [] [] o.a.catalina.core.StandardEngine - Starting Servlet engine: [Apache Tomcat/10.1.41]
2025-09-21 17:30:07.819 [restartedMain] INFO  [,] [] [] [] o.a.c.c.C.[Tomcat].[localhost].[/] - Initializing Spring embedded WebApplicationContext
2025-09-21 17:30:07.819 [restartedMain] INFO  [,] [] [] [] o.s.b.w.s.c.ServletWebServerApplicationContext - Root WebApplicationContext: initialization completed in 938 ms
2025-09-21 17:30:08.071 [restartedMain] DEBUG [,] [] [] [] o.s.w.f.ServerHttpObservationFilter - Filter 'webMvcObservationFilter' configured for use
2025-09-21 17:30:08.474 [restartedMain] INFO  [,] [] [] [] o.s.s.c.a.a.c.InitializeUserDetailsBeanManagerConfigurer$InitializeUserDetailsManagerConfigurer - Global AuthenticationManager configured with UserDetailsService bean with name userDetailsService
2025-09-21 17:30:08.563 [restartedMain] DEBUG [,] [] [] [] o.s.w.s.m.m.a.RequestMappingHandlerMapping - 8 mappings in 'requestMappingHandlerMapping'
2025-09-21 17:30:08.681 [restartedMain] DEBUG [,] [] [] [] o.s.w.s.h.SimpleUrlHandlerMapping - Patterns [/webjars/**, /**] in 'resourceHandlerMapping'
2025-09-21 17:30:08.808 [restartedMain] INFO  [,] [] [] [] o.s.b.a.e.web.EndpointLinksResolver - Exposing 9 endpoints beneath base path '/actuator'
2025-09-21 17:30:08.913 [restartedMain] DEBUG [,] [] [] [] o.s.w.s.m.m.a.RequestMappingHandlerAdapter - ControllerAdvice beans: 0 @ModelAttribute, 0 @InitBinder, 1 RequestBodyAdvice, 1 ResponseBodyAdvice
2025-09-21 17:30:08.959 [restartedMain] DEBUG [,] [] [] [] o.s.w.s.m.m.a.ExceptionHandlerExceptionResolver - ControllerAdvice beans: 0 @ExceptionHandler, 1 ResponseBodyAdvice
2025-09-21 17:30:09.191 [restartedMain] INFO  [,] [] [] [] o.s.b.d.a.OptionalLiveReloadServer - LiveReload server is running on port 35729
2025-09-21 17:30:09.229 [restartedMain] INFO  [,] [] [] [] o.s.b.w.e.tomcat.TomcatWebServer - Tomcat started on port 8080 (http) with context path '/'
2025-09-21 17:30:09.240 [restartedMain] INFO  [,] [] [] [] c.e.p.DistributedTracingResiliencePocApplication - Started DistributedTracingResiliencePocApplication in 2.626 seconds (process running for 2.818)
2025-09-21 17:46:13.147 [SpringApplicationShutdownHook] INFO  [,] [] [] [] o.s.b.w.e.tomcat.GracefulShutdown - Commencing graceful shutdown. Waiting for active requests to complete
2025-09-21 17:46:13.162 [tomcat-shutdown] INFO  [,] [] [] [] o.s.b.w.e.tomcat.GracefulShutdown - Graceful shutdown complete
